
> react-typescript-starter@0.1.0 test
> react-scripts test --coverage

Browserslist: caniuse-lite is outdated. Please run:
  npx browserslist@latest --update-db
  Why you should do it regularly: https://github.com/browserslist/browserslist#browsers-data-updating
FAIL src/HtmlCss.test.tsx
  ● Some Bootstrap Elements are added › There is one bootstrap button with the text 'Log Hello World'

    expect(element).toHaveClass("btn")

    Expected the element to have class:
      btn
    Received:

      41 |         const button = screen.getByRole("button", { name: /Log Hello World/i });
      42 |         expect(button).toBeInTheDocument();
    > 43 |         expect(button).toHaveClass("btn");
         |                        ^
      44 |         expect(button).toHaveClass("btn-primary");
      45 |     });
      46 |

      at Object.<anonymous> (src/HtmlCss.test.tsx:43:24)

PASS src/functions.test.ts
PASS src/text.test.tsx
PASS src/App.test.tsx
--------------|---------|----------|---------|---------|-------------------
File          | % Stmts | % Branch | % Funcs | % Lines | Uncovered Line #s 
--------------|---------|----------|---------|---------|-------------------
All files     |     100 |      100 |     100 |     100 |                   
 App.tsx      |     100 |      100 |     100 |     100 |                   
 functions.ts |     100 |      100 |     100 |     100 |                   
--------------|---------|----------|---------|---------|-------------------

Test Suites: 1 failed, 3 passed, 4 total
Tests:       1 failed, 13 passed, 14 total
Snapshots:   0 total
Time:        5.27 s
Ran all test suites.
